2026-03-18T14:48:53.675428Z  INFO tailwindcss_oxide::scanner: Provided sources:
2026-03-18T14:48:53.675490Z  INFO tailwindcss_oxide::scanner: Source: PublicSourceEntry { base: "/home/ubuntu/.openclaw/workspace/mission-control-ui", pattern: "**/*", negated: false }
2026-03-18T14:48:53.675551Z  INFO tailwindcss_oxide::scanner: Optimized sources:
2026-03-18T14:48:53.675555Z  INFO tailwindcss_oxide::scanner: Source: Auto { base: "/home/ubuntu/.openclaw/workspace/mission-control-ui" }
2026-03-18T14:48:53.681928Z  INFO discover_sources: tailwindcss_oxide::scanner: enter
2026-03-18T14:48:53.681962Z  INFO discover_sources:walk_synchronous: tailwindcss_oxide::scanner: enter
2026-03-18T14:48:53.687425Z  INFO discover_sources:walk_synchronous: tailwindcss_oxide::scanner: exit
2026-03-18T14:48:53.688023Z  INFO tailwindcss_oxide::scanner: Reading "/home/ubuntu/.openclaw/workspace/mission-control-ui/next.config.ts"
2026-03-18T14:48:53.688507Z  INFO tailwindcss_oxide::scanner: Reading "/home/ubuntu/.openclaw/workspace/mission-control-ui/src/components/chat/NovaWidget.tsx"
2026-03-18T14:48:53.688570Z  INFO tailwindcss_oxide::scanner: Reading "/home/ubuntu/.openclaw/workspace/mission-control-ui/src/components/views/InsightsView.tsx"
2026-03-18T14:48:53.688590Z  INFO tailwindcss_oxide::scanner: Reading "/home/ubuntu/.openclaw/workspace/mission-control-ui/src/components/views/WorkflowView.tsx"
2026-03-18T14:48:53.688627Z  INFO tailwindcss_oxide::scanner: Reading "/home/ubuntu/.openclaw/workspace/mission-control-ui/src/components/views/SkillsView.tsx"
2026-03-18T14:48:53.688644Z  INFO tailwindcss_oxide::scanner: Reading "/home/ubuntu/.openclaw/workspace/mission-control-ui/src/components/views/ActivityView.tsx"
2026-03-18T14:48:53.688669Z  INFO tailwindcss_oxide::scanner: Reading "/home/ubuntu/.openclaw/workspace/mission-control-ui/src/components/views/ProjectsView.tsx"
2026-03-18T14:48:53.688694Z  INFO tailwindcss_oxide::scanner: Reading "/home/ubuntu/.openclaw/workspace/mission-control-ui/src/components/views/FeedbackView.tsx"
2026-03-18T14:48:53.688710Z  INFO tailwindcss_oxide::scanner: Reading "/home/ubuntu/.openclaw/workspace/mission-control-ui/src/components/views/ApprovalsView.tsx"
2026-03-18T14:48:53.688726Z  INFO tailwindcss_oxide::scanner: Reading "/home/ubuntu/.openclaw/workspace/mission-control-ui/src/components/views/FeedbackTab.tsx"
2026-03-18T14:48:53.688745Z  INFO tailwindcss_oxide::scanner: Reading "/home/ubuntu/.openclaw/workspace/mission-control-ui/src/components/views/SettingsView.tsx"
2026-03-18T14:48:53.688766Z  INFO tailwindcss_oxide::scanner: Reading "/home/ubuntu/.openclaw/workspace/mission-control-ui/src/components/shared/FeedbackModal.tsx"
2026-03-18T14:48:53.688780Z  INFO tailwindcss_oxide::scanner: Reading "/home/ubuntu/.openclaw/workspace/mission-control-ui/src/components/shared/FeedbackButton.tsx"
2026-03-18T14:48:53.688799Z  INFO tailwindcss_oxide::scanner: Reading "/home/ubuntu/.openclaw/workspace/mission-control-ui/src/components/shared/ProjectModal.tsx"
2026-03-18T14:48:53.688818Z  INFO tailwindcss_oxide::scanner: Reading "/home/ubuntu/.openclaw/workspace/mission-control-ui/src/components/shared/TaskModal.tsx"
2026-03-18T14:48:53.688837Z  INFO tailwindcss_oxide::scanner: Reading "/home/ubuntu/.openclaw/workspace/mission-control-ui/src/components/shared/AgentModal.tsx"
2026-03-18T14:48:53.688861Z  INFO tailwindcss_oxide::scanner: Reading "/home/ubuntu/.openclaw/workspace/mission-control-ui/src/components/dashboard/ProjectsGrid.tsx"
2026-03-18T14:48:53.688880Z  INFO tailwindcss_oxide::scanner: Reading "/home/ubuntu/.openclaw/workspace/mission-control-ui/src/components/dashboard/StatsCards.tsx"
2026-03-18T14:48:53.688901Z  INFO tailwindcss_oxide::scanner: Reading "/home/ubuntu/.openclaw/workspace/mission-control-ui/src/components/dashboard/TokenCostWidget.tsx"
2026-03-18T14:48:53.688922Z  INFO tailwindcss_oxide::scanner: Reading "/home/ubuntu/.openclaw/workspace/mission-control-ui/src/components/dashboard/ActivityFeed.tsx"
2026-03-18T14:48:53.688951Z  INFO tailwindcss_oxide::scanner: Reading "/home/ubuntu/.openclaw/workspace/mission-control-ui/src/components/dashboard/OverviewDashboard.tsx"
2026-03-18T14:48:53.688987Z  INFO tailwindcss_oxide::scanner: Reading "/home/ubuntu/.openclaw/workspace/mission-control-ui/src/components/graph/graphStyles.ts"
2026-03-18T14:48:53.689007Z  INFO tailwindcss_oxide::scanner: Reading "/home/ubuntu/.openclaw/workspace/mission-control-ui/src/components/graph/GraphControls.tsx"
2026-03-18T14:48:53.689021Z  INFO tailwindcss_oxide::scanner: Reading "/home/ubuntu/.openclaw/workspace/mission-control-ui/src/components/graph/useGraphData.ts"
2026-03-18T14:48:53.689051Z  INFO tailwindcss_oxide::scanner: Reading "/home/ubuntu/.openclaw/workspace/mission-control-ui/src/components/graph/GraphView.tsx"
2026-03-18T14:48:53.689070Z  INFO tailwindcss_oxide::scanner: Reading "/home/ubuntu/.openclaw/workspace/mission-control-ui/src/components/graph/GraphLegend.tsx"
2026-03-18T14:48:53.689088Z  INFO tailwindcss_oxide::scanner: Reading "/home/ubuntu/.openclaw/workspace/mission-control-ui/src/components/graph/NodeDetailsPanel.tsx"
2026-03-18T14:48:53.689106Z  INFO tailwindcss_oxide::scanner: Reading "/home/ubuntu/.openclaw/workspace/mission-control-ui/src/components/onboarding/DriverCard.tsx"
2026-03-18T14:48:53.689130Z  INFO tailwindcss_oxide::scanner: Reading "/home/ubuntu/.openclaw/workspace/mission-control-ui/src/components/onboarding/OnboardingDashboard.tsx"
2026-03-18T14:48:53.689148Z  INFO tailwindcss_oxide::scanner: Reading "/home/ubuntu/.openclaw/workspace/mission-control-ui/src/components/onboarding/AddDriverModal.tsx"
2026-03-18T14:48:53.689165Z  INFO tailwindcss_oxide::scanner: Reading "/home/ubuntu/.openclaw/workspace/mission-control-ui/src/components/onboarding/DriverKanban.tsx"
2026-03-18T14:48:53.689194Z  INFO tailwindcss_oxide::scanner: Reading "/home/ubuntu/.openclaw/workspace/mission-control-ui/src/components/board/KanbanBoard.tsx"
2026-03-18T14:48:53.689218Z  INFO tailwindcss_oxide::scanner: Reading "/home/ubuntu/.openclaw/workspace/mission-control-ui/src/components/agents/AgentGrid.tsx"
2026-03-18T14:48:53.689242Z  INFO tailwindcss_oxide::scanner: Reading "/home/ubuntu/.openclaw/workspace/mission-control-ui/src/components/feedback/FeedbackStats.tsx"
2026-03-18T14:48:53.689264Z  INFO tailwindcss_oxide::scanner: Reading "/home/ubuntu/.openclaw/workspace/mission-control-ui/src/components/layout/Sidebar.tsx"
2026-03-18T14:48:53.689281Z  INFO tailwindcss_oxide::scanner: Reading "/home/ubuntu/.openclaw/workspace/mission-control-ui/src/components/layout/Header.tsx"
2026-03-18T14:48:53.689292Z  INFO tailwindcss_oxide::scanner: Reading "/home/ubuntu/.openclaw/workspace/mission-control-ui/postcss.config.mjs"
2026-03-18T14:48:53.689304Z  INFO tailwindcss_oxide::scanner: Reading "/home/ubuntu/.openclaw/workspace/mission-control-ui/package.json"
2026-03-18T14:48:53.689329Z  INFO tailwindcss_oxide::scanner: Reading "/home/ubuntu/.openclaw/workspace/mission-control-ui/src/app/api/graph/route.ts"
2026-03-18T14:48:53.689343Z  INFO tailwindcss_oxide::scanner: Reading "/home/ubuntu/.openclaw/workspace/mission-control-ui/src/app/api/feedback/route.ts"
2026-03-18T14:48:53.689361Z  INFO tailwindcss_oxide::scanner: Reading "/home/ubuntu/.openclaw/workspace/mission-control-ui/src/app/api/feedback/[id]/route.ts"
2026-03-18T14:48:53.689374Z  INFO tailwindcss_oxide::scanner: Reading "/home/ubuntu/.openclaw/workspace/mission-control-ui/src/app/api/token-costs/route.ts"
2026-03-18T14:48:53.689411Z  INFO tailwindcss_oxide::scanner: Reading "/home/ubuntu/.openclaw/workspace/mission-control-ui/README.md"
2026-03-18T14:48:53.689954Z  INFO tailwindcss_oxide::scanner: Reading "/home/ubuntu/.openclaw/workspace/mission-control-ui/src/app/test.txt"
2026-03-18T14:48:53.689990Z  INFO tailwindcss_oxide::scanner: Reading "/home/ubuntu/.openclaw/workspace/mission-control-ui/supabase/migrations/001_driver_onboarding.sql"
2026-03-18T14:48:53.690040Z  INFO tailwindcss_oxide::scanner: Reading "/home/ubuntu/.openclaw/workspace/mission-control-ui/src/app/onboarding/page.tsx"
2026-03-18T14:48:53.690060Z  INFO tailwindcss_oxide::scanner: Reading "/home/ubuntu/.openclaw/workspace/mission-control-ui/src/app/layout.tsx"
2026-03-18T14:48:53.690080Z  INFO tailwindcss_oxide::scanner: Reading "/home/ubuntu/.openclaw/workspace/mission-control-ui/src/lib/supabase.ts"
2026-03-18T14:48:53.690099Z  INFO tailwindcss_oxide::scanner: Reading "/home/ubuntu/.openclaw/workspace/mission-control-ui/src/lib/utils.tsx"
2026-03-18T14:48:53.690134Z  INFO tailwindcss_oxide::scanner: Reading "/home/ubuntu/.openclaw/workspace/mission-control-ui/src/lib/graphScanner.ts"
2026-03-18T14:48:53.690158Z  INFO tailwindcss_oxide::scanner: Reading "/home/ubuntu/.openclaw/workspace/mission-control-ui/src/lib/graph/knowledgeScanner.ts"
2026-03-18T14:48:53.690177Z  INFO tailwindcss_oxide::scanner: Reading "/home/ubuntu/.openclaw/workspace/mission-control-ui/src/lib/onboarding.ts"
2026-03-18T14:48:53.690201Z  INFO tailwindcss_oxide::scanner: Reading "/home/ubuntu/.openclaw/workspace/mission-control-ui/src/lib/graphParser.ts"
2026-03-18T14:48:53.690222Z  INFO tailwindcss_oxide::scanner: Reading "/home/ubuntu/.openclaw/workspace/mission-control-ui/src/lib/graphTypes.ts"
2026-03-18T14:48:53.690240Z  INFO tailwindcss_oxide::scanner: Reading "/home/ubuntu/.openclaw/workspace/mission-control-ui/src/lib/types.ts"
2026-03-18T14:48:53.690253Z  INFO tailwindcss_oxide::scanner: Reading "/home/ubuntu/.openclaw/workspace/mission-control-ui/src/types/cytoscape-fcose.d.ts"
2026-03-18T14:48:53.690265Z  INFO tailwindcss_oxide::scanner: Reading "/home/ubuntu/.openclaw/workspace/mission-control-ui/src/hooks/useTheme.ts"
2026-03-18T14:48:53.690289Z  INFO tailwindcss_oxide::scanner: Reading "/home/ubuntu/.openclaw/workspace/mission-control-ui/src/hooks/useSupabase.ts"
2026-03-18T14:48:53.690552Z  INFO tailwindcss_oxide::scanner: Reading "/home/ubuntu/.openclaw/workspace/mission-control-ui/supabase/migrations/003_feedback.sql"
2026-03-18T14:48:53.690805Z  INFO tailwindcss_oxide::scanner: Reading "/home/ubuntu/.openclaw/workspace/mission-control-ui/public/api/token-costs.json"
2026-03-18T14:48:53.691221Z  INFO tailwindcss_oxide::scanner: Reading "/home/ubuntu/.openclaw/workspace/mission-control-ui/create_pptx.mjs"
2026-03-18T14:48:53.691244Z  INFO tailwindcss_oxide::scanner: Reading "/home/ubuntu/.openclaw/workspace/mission-control-ui/tsconfig.json"
2026-03-18T14:48:53.691381Z  INFO tailwindcss_oxide::scanner: Reading "/home/ubuntu/.openclaw/workspace/mission-control-ui/public/vercel.svg"
2026-03-18T14:48:53.691743Z  INFO tailwindcss_oxide::scanner: Reading "/home/ubuntu/.openclaw/workspace/mission-control-ui/public/next.svg"
2026-03-18T14:48:53.691992Z  INFO tailwindcss_oxide::scanner: Reading "/home/ubuntu/.openclaw/workspace/mission-control-ui/public/globe.svg"
2026-03-18T14:48:53.692345Z  INFO tailwindcss_oxide::scanner: Reading "/home/ubuntu/.openclaw/workspace/mission-control-ui/public/window.svg"
2026-03-18T14:48:53.692610Z  INFO tailwindcss_oxide::scanner: Reading "/home/ubuntu/.openclaw/workspace/mission-control-ui/eslint.config.mjs"
2026-03-18T14:48:53.692656Z  INFO tailwindcss_oxide::scanner: Reading "/home/ubuntu/.openclaw/workspace/mission-control-ui/src/app/page.tsx"
2026-03-18T14:48:53.692683Z  INFO tailwindcss_oxide::scanner: Reading "/home/ubuntu/.openclaw/workspace/mission-control-ui/src/app/api/chat/route.ts"
2026-03-18T14:48:53.692698Z  INFO tailwindcss_oxide::scanner: Reading "/home/ubuntu/.openclaw/workspace/mission-control-ui/src/app/api/gateway-status/route.ts"
2026-03-18T14:48:53.692711Z  INFO tailwindcss_oxide::scanner: Reading "/home/ubuntu/.openclaw/workspace/mission-control-ui/src/app/api/files/route.ts"
2026-03-18T14:48:53.692735Z  INFO tailwindcss_oxide::scanner: Reading "/home/ubuntu/.openclaw/workspace/mission-control-ui/src/app/api/feedback-autopilot/route.ts"
2026-03-18T14:48:53.692932Z  INFO tailwindcss_oxide::scanner: Reading "/home/ubuntu/.openclaw/workspace/mission-control-ui/public/file.svg"
2026-03-18T14:48:53.692992Z  INFO discover_sources: tailwindcss_oxide::scanner: exit
2026-03-18T14:48:53.693003Z  INFO extract_candidates: tailwindcss_oxide::scanner: enter
2026-03-18T14:48:53.693008Z  INFO extract_candidates:parse_all_blobs: tailwindcss_oxide::scanner: enter
2026-03-18T14:48:53.693022Z  INFO extract_candidates:parse_all_blobs:extract: tailwindcss_oxide::scanner: enter
2026-03-18T14:48:53.709371Z  INFO extract_candidates:parse_all_blobs:extract: tailwindcss_oxide::scanner: exit
2026-03-18T14:48:53.709436Z  INFO extract_candidates:parse_all_blobs: tailwindcss_oxide::scanner: exit
2026-03-18T14:48:53.709445Z  INFO extract_candidates:read_all_files: tailwindcss_oxide::scanner: enter
2026-03-18T14:48:53.709449Z  INFO extract_candidates:read_all_files: tailwindcss_oxide::scanner: Reading 1 file(s)
2026-03-18T14:48:53.709475Z  INFO extract_candidates:read_all_files: tailwindcss_oxide::scanner: Reading "/home/ubuntu/.openclaw/workspace/mission-control-ui/src/app/globals.css"
2026-03-18T14:48:53.709483Z  INFO extract_candidates:read_all_files: tailwindcss_oxide::scanner: exit
2026-03-18T14:48:53.709488Z  INFO extract_candidates:extract_css_variables: tailwindcss_oxide::scanner: enter
2026-03-18T14:48:53.709491Z  INFO extract_candidates:extract_css_variables:extract: tailwindcss_oxide::scanner: enter
2026-03-18T14:48:53.709552Z  INFO extract_candidates:extract_css_variables:extract: tailwindcss_oxide::scanner: exit
2026-03-18T14:48:53.709558Z  INFO extract_candidates:extract_css_variables: tailwindcss_oxide::scanner: exit
2026-03-18T14:48:53.710268Z  INFO extract_candidates: tailwindcss_oxide::scanner: exit
2026-03-18T14:48:53.712011Z  INFO get_files: tailwindcss_oxide::scanner: enter
2026-03-18T14:48:53.712036Z  INFO get_files:discover_sources: tailwindcss_oxide::scanner: enter
2026-03-18T14:48:53.712041Z  INFO get_files:discover_sources: tailwindcss_oxide::scanner: exit
2026-03-18T14:48:53.712113Z  INFO get_files: tailwindcss_oxide::scanner: exit
2026-03-18T14:48:53.712633Z  INFO get_globs: tailwindcss_oxide::scanner: enter
2026-03-18T14:48:53.712651Z  INFO get_globs:discover_sources: tailwindcss_oxide::scanner: enter
2026-03-18T14:48:53.712655Z  INFO get_globs:discover_sources: tailwindcss_oxide::scanner: exit
2026-03-18T14:48:53.715230Z  INFO get_globs: tailwindcss_oxide::scanner: exit
